<?xml version="1.0" encoding="UTF-8"?>
<testsuite xmlns:xsi="http://www.w3.org/2001/XMLSchema-instance" xsi:noNamespaceSchemaLocation="https://maven.apache.org/surefire/maven-surefire-plugin/xsd/surefire-test-report.xsd" name="com.attornatus.es.FoneticaPortuguesaTests" time="0.693" tests="19" errors="0" skipped="0" failures="0">
  <properties>
    <property name="sun.desktop" value="windows"/>
    <property name="awt.toolkit" value="sun.awt.windows.WToolkit"/>
    <property name="java.specification.version" value="11"/>
    <property name="sun.cpu.isalist" value="amd64"/>
    <property name="sun.jnu.encoding" value="Cp1252"/>
    <property name="java.class.path" value="D:\Programacao\dotNet\elasticsearch-plugin-fonetica-portugues\target\test-classes;D:\Programacao\dotNet\elasticsearch-plugin-fonetica-portugues\target\classes;C:\Users\lampa\.m2\repository\org\elasticsearch\elasticsearch\7.13.3\elasticsearch-7.13.3.jar;C:\Users\lampa\.m2\repository\org\elasticsearch\elasticsearch-core\7.13.3\elasticsearch-core-7.13.3.jar;C:\Users\lampa\.m2\repository\org\elasticsearch\elasticsearch-secure-sm\7.13.3\elasticsearch-secure-sm-7.13.3.jar;C:\Users\lampa\.m2\repository\org\elasticsearch\elasticsearch-x-content\7.13.3\elasticsearch-x-content-7.13.3.jar;C:\Users\lampa\.m2\repository\com\fasterxml\jackson\core\jackson-core\2.10.4\jackson-core-2.10.4.jar;C:\Users\lampa\.m2\repository\com\fasterxml\jackson\dataformat\jackson-dataformat-smile\2.10.4\jackson-dataformat-smile-2.10.4.jar;C:\Users\lampa\.m2\repository\com\fasterxml\jackson\dataformat\jackson-dataformat-yaml\2.10.4\jackson-dataformat-yaml-2.10.4.jar;C:\Users\lampa\.m2\repository\com\fasterxml\jackson\dataformat\jackson-dataformat-cbor\2.10.4\jackson-dataformat-cbor-2.10.4.jar;C:\Users\lampa\.m2\repository\org\elasticsearch\elasticsearch-geo\7.13.3\elasticsearch-geo-7.13.3.jar;C:\Users\lampa\.m2\repository\org\apache\lucene\lucene-core\8.8.2\lucene-core-8.8.2.jar;C:\Users\lampa\.m2\repository\org\apache\lucene\lucene-analyzers-common\8.8.2\lucene-analyzers-common-8.8.2.jar;C:\Users\lampa\.m2\repository\org\apache\lucene\lucene-backward-codecs\8.8.2\lucene-backward-codecs-8.8.2.jar;C:\Users\lampa\.m2\repository\org\apache\lucene\lucene-grouping\8.8.2\lucene-grouping-8.8.2.jar;C:\Users\lampa\.m2\repository\org\apache\lucene\lucene-highlighter\8.8.2\lucene-highlighter-8.8.2.jar;C:\Users\lampa\.m2\repository\org\apache\lucene\lucene-join\8.8.2\lucene-join-8.8.2.jar;C:\Users\lampa\.m2\repository\org\apache\lucene\lucene-memory\8.8.2\lucene-memory-8.8.2.jar;C:\Users\lampa\.m2\repository\org\apache\lucene\lucene-misc\8.8.2\lucene-misc-8.8.2.jar;C:\Users\lampa\.m2\repository\org\apache\lucene\lucene-queries\8.8.2\lucene-queries-8.8.2.jar;C:\Users\lampa\.m2\repository\org\apache\lucene\lucene-queryparser\8.8.2\lucene-queryparser-8.8.2.jar;C:\Users\lampa\.m2\repository\org\apache\lucene\lucene-sandbox\8.8.2\lucene-sandbox-8.8.2.jar;C:\Users\lampa\.m2\repository\org\apache\lucene\lucene-spatial-extras\8.8.2\lucene-spatial-extras-8.8.2.jar;C:\Users\lampa\.m2\repository\org\apache\lucene\lucene-spatial3d\8.8.2\lucene-spatial3d-8.8.2.jar;C:\Users\lampa\.m2\repository\org\apache\lucene\lucene-suggest\8.8.2\lucene-suggest-8.8.2.jar;C:\Users\lampa\.m2\repository\org\elasticsearch\elasticsearch-cli\7.13.3\elasticsearch-cli-7.13.3.jar;C:\Users\lampa\.m2\repository\net\sf\jopt-simple\jopt-simple\5.0.2\jopt-simple-5.0.2.jar;C:\Users\lampa\.m2\repository\com\carrotsearch\hppc\0.8.1\hppc-0.8.1.jar;C:\Users\lampa\.m2\repository\joda-time\joda-time\2.10.10\joda-time-2.10.10.jar;C:\Users\lampa\.m2\repository\com\tdunning\t-digest\3.2\t-digest-3.2.jar;C:\Users\lampa\.m2\repository\org\hdrhistogram\HdrHistogram\2.1.9\HdrHistogram-2.1.9.jar;C:\Users\lampa\.m2\repository\org\apache\logging\log4j\log4j-api\2.11.1\log4j-api-2.11.1.jar;C:\Users\lampa\.m2\repository\org\elasticsearch\jna\5.7.0-1\jna-5.7.0-1.jar;C:\Users\lampa\.m2\repository\org\elasticsearch\elasticsearch-plugin-classloader\7.13.3\elasticsearch-plugin-classloader-7.13.3.jar;C:\Users\lampa\.m2\repository\org\apache\lucene\lucene-analyzers-phonetic\8.8.2\lucene-analyzers-phonetic-8.8.2.jar;C:\Users\lampa\.m2\repository\commons-codec\commons-codec\1.13\commons-codec-1.13.jar;C:\Users\lampa\.m2\repository\org\testng\testng\6.3.1\testng-6.3.1.jar;C:\Users\lampa\.m2\repository\junit\junit\3.8.1\junit-3.8.1.jar;C:\Users\lampa\.m2\repository\org\beanshell\bsh\2.0b4\bsh-2.0b4.jar;C:\Users\lampa\.m2\repository\com\beust\jcommander\1.12\jcommander-1.12.jar;C:\Users\lampa\.m2\repository\org\yaml\snakeyaml\1.6\snakeyaml-1.6.jar;C:\Users\lampa\.m2\repository\org\hamcrest\hamcrest-core\1.3.RC2\hamcrest-core-1.3.RC2.jar;C:\Users\lampa\.m2\repository\org\hamcrest\hamcrest-library\1.3.RC2\hamcrest-library-1.3.RC2.jar;"/>
    <property name="java.vm.vendor" value="Amazon.com Inc."/>
    <property name="sun.arch.data.model" value="64"/>
    <property name="user.variant" value=""/>
    <property name="java.vendor.url" value="https://aws.amazon.com/corretto/"/>
    <property name="user.timezone" value="America/Sao_Paulo"/>
    <property name="java.vm.specification.version" value="11"/>
    <property name="os.name" value="Windows 10"/>
    <property name="sun.java.launcher" value="SUN_STANDARD"/>
    <property name="user.country" value="BR"/>
    <property name="sun.boot.library.path" value="C:\Users\lampa\.jdks\corretto-11.0.11\bin"/>
    <property name="sun.java.command" value="C:\Users\lampa\AppData\Local\Temp\surefire8283327140190987620\surefirebooter7455748961528908765.jar C:\Users\lampa\AppData\Local\Temp\surefire8283327140190987620 2021-07-19T22-26-24_526-jvmRun1 surefire5066960430832388643tmp surefire_02704426785964564270tmp"/>
    <property name="jdk.debug" value="release"/>
    <property name="surefire.test.class.path" value="D:\Programacao\dotNet\elasticsearch-plugin-fonetica-portugues\target\test-classes;D:\Programacao\dotNet\elasticsearch-plugin-fonetica-portugues\target\classes;C:\Users\lampa\.m2\repository\org\elasticsearch\elasticsearch\7.13.3\elasticsearch-7.13.3.jar;C:\Users\lampa\.m2\repository\org\elasticsearch\elasticsearch-core\7.13.3\elasticsearch-core-7.13.3.jar;C:\Users\lampa\.m2\repository\org\elasticsearch\elasticsearch-secure-sm\7.13.3\elasticsearch-secure-sm-7.13.3.jar;C:\Users\lampa\.m2\repository\org\elasticsearch\elasticsearch-x-content\7.13.3\elasticsearch-x-content-7.13.3.jar;C:\Users\lampa\.m2\repository\com\fasterxml\jackson\core\jackson-core\2.10.4\jackson-core-2.10.4.jar;C:\Users\lampa\.m2\repository\com\fasterxml\jackson\dataformat\jackson-dataformat-smile\2.10.4\jackson-dataformat-smile-2.10.4.jar;C:\Users\lampa\.m2\repository\com\fasterxml\jackson\dataformat\jackson-dataformat-yaml\2.10.4\jackson-dataformat-yaml-2.10.4.jar;C:\Users\lampa\.m2\repository\com\fasterxml\jackson\dataformat\jackson-dataformat-cbor\2.10.4\jackson-dataformat-cbor-2.10.4.jar;C:\Users\lampa\.m2\repository\org\elasticsearch\elasticsearch-geo\7.13.3\elasticsearch-geo-7.13.3.jar;C:\Users\lampa\.m2\repository\org\apache\lucene\lucene-core\8.8.2\lucene-core-8.8.2.jar;C:\Users\lampa\.m2\repository\org\apache\lucene\lucene-analyzers-common\8.8.2\lucene-analyzers-common-8.8.2.jar;C:\Users\lampa\.m2\repository\org\apache\lucene\lucene-backward-codecs\8.8.2\lucene-backward-codecs-8.8.2.jar;C:\Users\lampa\.m2\repository\org\apache\lucene\lucene-grouping\8.8.2\lucene-grouping-8.8.2.jar;C:\Users\lampa\.m2\repository\org\apache\lucene\lucene-highlighter\8.8.2\lucene-highlighter-8.8.2.jar;C:\Users\lampa\.m2\repository\org\apache\lucene\lucene-join\8.8.2\lucene-join-8.8.2.jar;C:\Users\lampa\.m2\repository\org\apache\lucene\lucene-memory\8.8.2\lucene-memory-8.8.2.jar;C:\Users\lampa\.m2\repository\org\apache\lucene\lucene-misc\8.8.2\lucene-misc-8.8.2.jar;C:\Users\lampa\.m2\repository\org\apache\lucene\lucene-queries\8.8.2\lucene-queries-8.8.2.jar;C:\Users\lampa\.m2\repository\org\apache\lucene\lucene-queryparser\8.8.2\lucene-queryparser-8.8.2.jar;C:\Users\lampa\.m2\repository\org\apache\lucene\lucene-sandbox\8.8.2\lucene-sandbox-8.8.2.jar;C:\Users\lampa\.m2\repository\org\apache\lucene\lucene-spatial-extras\8.8.2\lucene-spatial-extras-8.8.2.jar;C:\Users\lampa\.m2\repository\org\apache\lucene\lucene-spatial3d\8.8.2\lucene-spatial3d-8.8.2.jar;C:\Users\lampa\.m2\repository\org\apache\lucene\lucene-suggest\8.8.2\lucene-suggest-8.8.2.jar;C:\Users\lampa\.m2\repository\org\elasticsearch\elasticsearch-cli\7.13.3\elasticsearch-cli-7.13.3.jar;C:\Users\lampa\.m2\repository\net\sf\jopt-simple\jopt-simple\5.0.2\jopt-simple-5.0.2.jar;C:\Users\lampa\.m2\repository\com\carrotsearch\hppc\0.8.1\hppc-0.8.1.jar;C:\Users\lampa\.m2\repository\joda-time\joda-time\2.10.10\joda-time-2.10.10.jar;C:\Users\lampa\.m2\repository\com\tdunning\t-digest\3.2\t-digest-3.2.jar;C:\Users\lampa\.m2\repository\org\hdrhistogram\HdrHistogram\2.1.9\HdrHistogram-2.1.9.jar;C:\Users\lampa\.m2\repository\org\apache\logging\log4j\log4j-api\2.11.1\log4j-api-2.11.1.jar;C:\Users\lampa\.m2\repository\org\elasticsearch\jna\5.7.0-1\jna-5.7.0-1.jar;C:\Users\lampa\.m2\repository\org\elasticsearch\elasticsearch-plugin-classloader\7.13.3\elasticsearch-plugin-classloader-7.13.3.jar;C:\Users\lampa\.m2\repository\org\apache\lucene\lucene-analyzers-phonetic\8.8.2\lucene-analyzers-phonetic-8.8.2.jar;C:\Users\lampa\.m2\repository\commons-codec\commons-codec\1.13\commons-codec-1.13.jar;C:\Users\lampa\.m2\repository\org\testng\testng\6.3.1\testng-6.3.1.jar;C:\Users\lampa\.m2\repository\junit\junit\3.8.1\junit-3.8.1.jar;C:\Users\lampa\.m2\repository\org\beanshell\bsh\2.0b4\bsh-2.0b4.jar;C:\Users\lampa\.m2\repository\com\beust\jcommander\1.12\jcommander-1.12.jar;C:\Users\lampa\.m2\repository\org\yaml\snakeyaml\1.6\snakeyaml-1.6.jar;C:\Users\lampa\.m2\repository\org\hamcrest\hamcrest-core\1.3.RC2\hamcrest-core-1.3.RC2.jar;C:\Users\lampa\.m2\repository\org\hamcrest\hamcrest-library\1.3.RC2\hamcrest-library-1.3.RC2.jar;"/>
    <property name="sun.cpu.endian" value="little"/>
    <property name="user.home" value="C:\Users\lampa"/>
    <property name="user.language" value="pt"/>
    <property name="java.specification.vendor" value="Oracle Corporation"/>
    <property name="java.version.date" value="2021-04-20"/>
    <property name="java.home" value="C:\Users\lampa\.jdks\corretto-11.0.11"/>
    <property name="file.separator" value="\"/>
    <property name="basedir" value="D:\Programacao\dotNet\elasticsearch-plugin-fonetica-portugues"/>
    <property name="java.vm.compressedOopsMode" value="Zero based"/>
    <property name="line.separator" value="&#10;"/>
    <property name="java.specification.name" value="Java Platform API Specification"/>
    <property name="java.vm.specification.vendor" value="Oracle Corporation"/>
    <property name="java.awt.graphicsenv" value="sun.awt.Win32GraphicsEnvironment"/>
    <property name="surefire.real.class.path" value="C:\Users\lampa\AppData\Local\Temp\surefire8283327140190987620\surefirebooter7455748961528908765.jar"/>
    <property name="user.script" value=""/>
    <property name="sun.management.compiler" value="HotSpot 64-Bit Tiered Compilers"/>
    <property name="java.runtime.version" value="11.0.11+9-LTS"/>
    <property name="user.name" value="lampa"/>
    <property name="path.separator" value=";"/>
    <property name="os.version" value="10.0"/>
    <property name="java.runtime.name" value="OpenJDK Runtime Environment"/>
    <property name="file.encoding" value="Cp1252"/>
    <property name="java.vm.name" value="OpenJDK 64-Bit Server VM"/>
    <property name="java.vendor.version" value="Corretto-11.0.11.9.1"/>
    <property name="localRepository" value="C:\Users\lampa\.m2\repository"/>
    <property name="java.vendor.url.bug" value="https://github.com/corretto/corretto-11/issues/"/>
    <property name="java.io.tmpdir" value="C:\Users\lampa\AppData\Local\Temp\"/>
    <property name="idea.version" value="2021.1.1"/>
    <property name="java.version" value="11.0.11"/>
    <property name="user.dir" value="D:\Programacao\dotNet\elasticsearch-plugin-fonetica-portugues"/>
    <property name="os.arch" value="amd64"/>
    <property name="java.vm.specification.name" value="Java Virtual Machine Specification"/>
    <property name="java.awt.printerjob" value="sun.awt.windows.WPrinterJob"/>
    <property name="sun.os.patch.level" value=""/>
    <property name="java.library.path" value="C:\Users\lampa\.jdks\corretto-11.0.11\bin;C:\Windows\Sun\Java\bin;C:\Windows\system32;C:\Windows;C:\Windows\system32;C:\Windows;C:\Windows\System32\Wbem;C:\Windows\System32\WindowsPowerShell\v1.0\;C:\Windows\System32\OpenSSH\;C:\Program Files (x86)\NVIDIA Corporation\PhysX\Common;C:\Program Files\NVIDIA Corporation\NVIDIA NvDLISR;C:\Users\lampa\AppData\Roaming\nvm;C:\Program Files\nodejs;C:\Program Files\Git\cmd;C:\Program Files\Microsoft SQL Server\130\Tools\Binn\;C:\Program Files\Microsoft SQL Server\Client SDK\ODBC\170\Tools\Binn\;C:\Program Files\dotnet\;C:\ProgramData\chocolatey\bin;;C:\Program Files\Amazon\AWSCLIV2\;C:\Program Files\nodejs\;C:\Program Files\Docker\Docker\resources\bin;C:\ProgramData\DockerDesktop\version-bin;C:\Users\lampa\AppData\Local\Microsoft\WindowsApps;C:\Users\lampa\AppData\Local\Programs\Microsoft VS Code\bin;C:\Users\lampa\AppData\Roaming\nvm;C:\Program Files\nodejs;C:\Users\lampa\.dotnet\tools;C:\Users\lampa\OneDrive\Documentos\WindowsPowerShell\Scripts;C:\Program Files\JetBrains\JetBrains Rider 2021.1.1\bin;;C:\Users\lampa\.dotnet\tools;C:\Users\lampa\AppData\Roaming\npm;."/>
    <property name="java.vm.info" value="mixed mode"/>
    <property name="java.vendor" value="Amazon.com Inc."/>
    <property name="java.vm.version" value="11.0.11+9-LTS"/>
    <property name="sun.io.unicode.encoding" value="UnicodeLittle"/>
    <property name="java.class.version" value="55.0"/>
  </properties>
  <testcase name="testAMbeforeVocal" classname="com.attornatus.es.FoneticaPortuguesaTests" time="0.006"/>
  <testcase name="testAOeAMemAN" classname="com.attornatus.es.FoneticaPortuguesaTests" time="0"/>
  <testcase name="testCeCCemK" classname="com.attornatus.es.FoneticaPortuguesaTests" time="0"/>
  <testcase name="testCemSifCBeforeEI" classname="com.attornatus.es.FoneticaPortuguesaTests" time="0"/>
  <testcase name="testConsonantClusterOfHLetter" classname="com.attornatus.es.FoneticaPortuguesaTests" time="0"/>
  <testcase name="testEAemEIA" classname="com.attornatus.es.FoneticaPortuguesaTests" time="0"/>
  <testcase name="testGSound" classname="com.attornatus.es.FoneticaPortuguesaTests" time="0"/>
  <testcase name="testGbeforeEandI" classname="com.attornatus.es.FoneticaPortuguesaTests" time="0"/>
  <testcase name="testHMute" classname="com.attornatus.es.FoneticaPortuguesaTests" time="0"/>
  <testcase name="testLAsConsonant" classname="com.attornatus.es.FoneticaPortuguesaTests" time="0"/>
  <testcase name="testLWithSoundOfU" classname="com.attornatus.es.FoneticaPortuguesaTests" time="0.001"/>
  <testcase name="testOEeOISemOIN" classname="com.attornatus.es.FoneticaPortuguesaTests" time="0"/>
  <testcase name="testQUBeforeAandO" classname="com.attornatus.es.FoneticaPortuguesaTests" time="0"/>
  <testcase name="testQUBeforeEandI" classname="com.attornatus.es.FoneticaPortuguesaTests" time="0"/>
  <testcase name="testQUBeforeU" classname="com.attornatus.es.FoneticaPortuguesaTests" time="0.001"/>
  <testcase name="testRRemR" classname="com.attornatus.es.FoneticaPortuguesaTests" time="0"/>
  <testcase name="testSSeCemS" classname="com.attornatus.es.FoneticaPortuguesaTests" time="0"/>
  <testcase name="testSWithSoundOFZ" classname="com.attornatus.es.FoneticaPortuguesaTests" time="0"/>
  <testcase name="testTTemT" classname="com.attornatus.es.FoneticaPortuguesaTests" time="0"/>
</testsuite>