<?xml version="1.0" encoding="UTF-8"?>
<testsuite xmlns:xsi="http://www.w3.org/2001/XMLSchema-instance" xsi:noNamespaceSchemaLocation="https://maven.apache.org/surefire/maven-surefire-plugin/xsd/surefire-test-report.xsd" name="com.attornatus.es.FoneticaPortuguesaTests" time="0.268" tests="19" errors="0" skipped="0" failures="0">
  <properties>
    <property name="sun.desktop" value="gnome"/>
    <property name="awt.toolkit" value="sun.awt.X11.XToolkit"/>
    <property name="file.encoding.pkg" value="sun.io"/>
    <property name="java.specification.version" value="1.8"/>
    <property name="sun.cpu.isalist" value=""/>
    <property name="sun.jnu.encoding" value="UTF-8"/>
    <property name="java.class.path" value="/home/matheus/attornatus/elasticsearch-plugin-fonetica-portugues/target/test-classes:/home/matheus/attornatus/elasticsearch-plugin-fonetica-portugues/target/classes:/home/matheus/.m2/repository/org/elasticsearch/elasticsearch/6.5.2/elasticsearch-6.5.2.jar:/home/matheus/.m2/repository/org/elasticsearch/elasticsearch-core/6.5.2/elasticsearch-core-6.5.2.jar:/home/matheus/.m2/repository/org/elasticsearch/elasticsearch-secure-sm/6.5.2/elasticsearch-secure-sm-6.5.2.jar:/home/matheus/.m2/repository/org/elasticsearch/elasticsearch-x-content/6.5.2/elasticsearch-x-content-6.5.2.jar:/home/matheus/.m2/repository/com/fasterxml/jackson/core/jackson-core/2.8.11/jackson-core-2.8.11.jar:/home/matheus/.m2/repository/com/fasterxml/jackson/dataformat/jackson-dataformat-smile/2.8.11/jackson-dataformat-smile-2.8.11.jar:/home/matheus/.m2/repository/com/fasterxml/jackson/dataformat/jackson-dataformat-yaml/2.8.11/jackson-dataformat-yaml-2.8.11.jar:/home/matheus/.m2/repository/com/fasterxml/jackson/dataformat/jackson-dataformat-cbor/2.8.11/jackson-dataformat-cbor-2.8.11.jar:/home/matheus/.m2/repository/org/apache/lucene/lucene-core/7.5.0/lucene-core-7.5.0.jar:/home/matheus/.m2/repository/org/apache/lucene/lucene-analyzers-common/7.5.0/lucene-analyzers-common-7.5.0.jar:/home/matheus/.m2/repository/org/apache/lucene/lucene-backward-codecs/7.5.0/lucene-backward-codecs-7.5.0.jar:/home/matheus/.m2/repository/org/apache/lucene/lucene-grouping/7.5.0/lucene-grouping-7.5.0.jar:/home/matheus/.m2/repository/org/apache/lucene/lucene-highlighter/7.5.0/lucene-highlighter-7.5.0.jar:/home/matheus/.m2/repository/org/apache/lucene/lucene-join/7.5.0/lucene-join-7.5.0.jar:/home/matheus/.m2/repository/org/apache/lucene/lucene-memory/7.5.0/lucene-memory-7.5.0.jar:/home/matheus/.m2/repository/org/apache/lucene/lucene-misc/7.5.0/lucene-misc-7.5.0.jar:/home/matheus/.m2/repository/org/apache/lucene/lucene-queries/7.5.0/lucene-queries-7.5.0.jar:/home/matheus/.m2/repository/org/apache/lucene/lucene-queryparser/7.5.0/lucene-queryparser-7.5.0.jar:/home/matheus/.m2/repository/org/apache/lucene/lucene-sandbox/7.5.0/lucene-sandbox-7.5.0.jar:/home/matheus/.m2/repository/org/apache/lucene/lucene-spatial/7.5.0/lucene-spatial-7.5.0.jar:/home/matheus/.m2/repository/org/apache/lucene/lucene-spatial-extras/7.5.0/lucene-spatial-extras-7.5.0.jar:/home/matheus/.m2/repository/org/apache/lucene/lucene-spatial3d/7.5.0/lucene-spatial3d-7.5.0.jar:/home/matheus/.m2/repository/org/apache/lucene/lucene-suggest/7.5.0/lucene-suggest-7.5.0.jar:/home/matheus/.m2/repository/org/elasticsearch/elasticsearch-cli/6.5.2/elasticsearch-cli-6.5.2.jar:/home/matheus/.m2/repository/net/sf/jopt-simple/jopt-simple/5.0.2/jopt-simple-5.0.2.jar:/home/matheus/.m2/repository/com/carrotsearch/hppc/0.7.1/hppc-0.7.1.jar:/home/matheus/.m2/repository/joda-time/joda-time/2.10.1/joda-time-2.10.1.jar:/home/matheus/.m2/repository/com/tdunning/t-digest/3.2/t-digest-3.2.jar:/home/matheus/.m2/repository/org/hdrhistogram/HdrHistogram/2.1.9/HdrHistogram-2.1.9.jar:/home/matheus/.m2/repository/org/apache/logging/log4j/log4j-api/2.11.1/log4j-api-2.11.1.jar:/home/matheus/.m2/repository/org/elasticsearch/jna/4.5.1/jna-4.5.1.jar:/home/matheus/.m2/repository/org/apache/lucene/lucene-analyzers-phonetic/7.5.0/lucene-analyzers-phonetic-7.5.0.jar:/home/matheus/.m2/repository/commons-codec/commons-codec/1.10/commons-codec-1.10.jar:/home/matheus/.m2/repository/org/testng/testng/6.3.1/testng-6.3.1.jar:/home/matheus/.m2/repository/junit/junit/3.8.1/junit-3.8.1.jar:/home/matheus/.m2/repository/org/beanshell/bsh/2.0b4/bsh-2.0b4.jar:/home/matheus/.m2/repository/com/beust/jcommander/1.12/jcommander-1.12.jar:/home/matheus/.m2/repository/org/yaml/snakeyaml/1.6/snakeyaml-1.6.jar:/home/matheus/.m2/repository/org/hamcrest/hamcrest-core/1.3.RC2/hamcrest-core-1.3.RC2.jar:/home/matheus/.m2/repository/org/hamcrest/hamcrest-library/1.3.RC2/hamcrest-library-1.3.RC2.jar:"/>
    <property name="java.vm.vendor" value="Oracle Corporation"/>
    <property name="sun.arch.data.model" value="64"/>
    <property name="java.vendor.url" value="http://java.oracle.com/"/>
    <property name="user.timezone" value=""/>
    <property name="java.vm.specification.version" value="1.8"/>
    <property name="os.name" value="Linux"/>
    <property name="user.country" value="BR"/>
    <property name="sun.java.launcher" value="SUN_STANDARD"/>
    <property name="sun.boot.library.path" value="/usr/lib/jvm/java-8-oracle/jre/lib/amd64"/>
    <property name="sun.java.command" value="/home/matheus/attornatus/elasticsearch-plugin-fonetica-portugues/target/surefire/surefirebooter1582496810585185445.jar /home/matheus/attornatus/elasticsearch-plugin-fonetica-portugues/target/surefire 2018-12-06T11-50-35_861-jvmRun1 surefire6138687958854355214tmp surefire_0591965780317837302tmp"/>
    <property name="surefire.test.class.path" value="/home/matheus/attornatus/elasticsearch-plugin-fonetica-portugues/target/test-classes:/home/matheus/attornatus/elasticsearch-plugin-fonetica-portugues/target/classes:/home/matheus/.m2/repository/org/elasticsearch/elasticsearch/6.5.2/elasticsearch-6.5.2.jar:/home/matheus/.m2/repository/org/elasticsearch/elasticsearch-core/6.5.2/elasticsearch-core-6.5.2.jar:/home/matheus/.m2/repository/org/elasticsearch/elasticsearch-secure-sm/6.5.2/elasticsearch-secure-sm-6.5.2.jar:/home/matheus/.m2/repository/org/elasticsearch/elasticsearch-x-content/6.5.2/elasticsearch-x-content-6.5.2.jar:/home/matheus/.m2/repository/com/fasterxml/jackson/core/jackson-core/2.8.11/jackson-core-2.8.11.jar:/home/matheus/.m2/repository/com/fasterxml/jackson/dataformat/jackson-dataformat-smile/2.8.11/jackson-dataformat-smile-2.8.11.jar:/home/matheus/.m2/repository/com/fasterxml/jackson/dataformat/jackson-dataformat-yaml/2.8.11/jackson-dataformat-yaml-2.8.11.jar:/home/matheus/.m2/repository/com/fasterxml/jackson/dataformat/jackson-dataformat-cbor/2.8.11/jackson-dataformat-cbor-2.8.11.jar:/home/matheus/.m2/repository/org/apache/lucene/lucene-core/7.5.0/lucene-core-7.5.0.jar:/home/matheus/.m2/repository/org/apache/lucene/lucene-analyzers-common/7.5.0/lucene-analyzers-common-7.5.0.jar:/home/matheus/.m2/repository/org/apache/lucene/lucene-backward-codecs/7.5.0/lucene-backward-codecs-7.5.0.jar:/home/matheus/.m2/repository/org/apache/lucene/lucene-grouping/7.5.0/lucene-grouping-7.5.0.jar:/home/matheus/.m2/repository/org/apache/lucene/lucene-highlighter/7.5.0/lucene-highlighter-7.5.0.jar:/home/matheus/.m2/repository/org/apache/lucene/lucene-join/7.5.0/lucene-join-7.5.0.jar:/home/matheus/.m2/repository/org/apache/lucene/lucene-memory/7.5.0/lucene-memory-7.5.0.jar:/home/matheus/.m2/repository/org/apache/lucene/lucene-misc/7.5.0/lucene-misc-7.5.0.jar:/home/matheus/.m2/repository/org/apache/lucene/lucene-queries/7.5.0/lucene-queries-7.5.0.jar:/home/matheus/.m2/repository/org/apache/lucene/lucene-queryparser/7.5.0/lucene-queryparser-7.5.0.jar:/home/matheus/.m2/repository/org/apache/lucene/lucene-sandbox/7.5.0/lucene-sandbox-7.5.0.jar:/home/matheus/.m2/repository/org/apache/lucene/lucene-spatial/7.5.0/lucene-spatial-7.5.0.jar:/home/matheus/.m2/repository/org/apache/lucene/lucene-spatial-extras/7.5.0/lucene-spatial-extras-7.5.0.jar:/home/matheus/.m2/repository/org/apache/lucene/lucene-spatial3d/7.5.0/lucene-spatial3d-7.5.0.jar:/home/matheus/.m2/repository/org/apache/lucene/lucene-suggest/7.5.0/lucene-suggest-7.5.0.jar:/home/matheus/.m2/repository/org/elasticsearch/elasticsearch-cli/6.5.2/elasticsearch-cli-6.5.2.jar:/home/matheus/.m2/repository/net/sf/jopt-simple/jopt-simple/5.0.2/jopt-simple-5.0.2.jar:/home/matheus/.m2/repository/com/carrotsearch/hppc/0.7.1/hppc-0.7.1.jar:/home/matheus/.m2/repository/joda-time/joda-time/2.10.1/joda-time-2.10.1.jar:/home/matheus/.m2/repository/com/tdunning/t-digest/3.2/t-digest-3.2.jar:/home/matheus/.m2/repository/org/hdrhistogram/HdrHistogram/2.1.9/HdrHistogram-2.1.9.jar:/home/matheus/.m2/repository/org/apache/logging/log4j/log4j-api/2.11.1/log4j-api-2.11.1.jar:/home/matheus/.m2/repository/org/elasticsearch/jna/4.5.1/jna-4.5.1.jar:/home/matheus/.m2/repository/org/apache/lucene/lucene-analyzers-phonetic/7.5.0/lucene-analyzers-phonetic-7.5.0.jar:/home/matheus/.m2/repository/commons-codec/commons-codec/1.10/commons-codec-1.10.jar:/home/matheus/.m2/repository/org/testng/testng/6.3.1/testng-6.3.1.jar:/home/matheus/.m2/repository/junit/junit/3.8.1/junit-3.8.1.jar:/home/matheus/.m2/repository/org/beanshell/bsh/2.0b4/bsh-2.0b4.jar:/home/matheus/.m2/repository/com/beust/jcommander/1.12/jcommander-1.12.jar:/home/matheus/.m2/repository/org/yaml/snakeyaml/1.6/snakeyaml-1.6.jar:/home/matheus/.m2/repository/org/hamcrest/hamcrest-core/1.3.RC2/hamcrest-core-1.3.RC2.jar:/home/matheus/.m2/repository/org/hamcrest/hamcrest-library/1.3.RC2/hamcrest-library-1.3.RC2.jar:"/>
    <property name="sun.cpu.endian" value="little"/>
    <property name="user.home" value="/home/matheus"/>
    <property name="user.language" value="pt"/>
    <property name="java.specification.vendor" value="Oracle Corporation"/>
    <property name="java.home" value="/usr/lib/jvm/java-8-oracle/jre"/>
    <property name="basedir" value="/home/matheus/attornatus/elasticsearch-plugin-fonetica-portugues"/>
    <property name="file.separator" value="/"/>
    <property name="line.separator" value="&#10;"/>
    <property name="java.vm.specification.vendor" value="Oracle Corporation"/>
    <property name="java.specification.name" value="Java Platform API Specification"/>
    <property name="java.awt.graphicsenv" value="sun.awt.X11GraphicsEnvironment"/>
    <property name="surefire.real.class.path" value="/home/matheus/attornatus/elasticsearch-plugin-fonetica-portugues/target/surefire/surefirebooter1582496810585185445.jar"/>
    <property name="sun.boot.class.path" value="/usr/lib/jvm/java-8-oracle/jre/lib/resources.jar:/usr/lib/jvm/java-8-oracle/jre/lib/rt.jar:/usr/lib/jvm/java-8-oracle/jre/lib/sunrsasign.jar:/usr/lib/jvm/java-8-oracle/jre/lib/jsse.jar:/usr/lib/jvm/java-8-oracle/jre/lib/jce.jar:/usr/lib/jvm/java-8-oracle/jre/lib/charsets.jar:/usr/lib/jvm/java-8-oracle/jre/lib/jfr.jar:/usr/lib/jvm/java-8-oracle/jre/classes"/>
    <property name="sun.management.compiler" value="HotSpot 64-Bit Tiered Compilers"/>
    <property name="java.runtime.version" value="1.8.0_181-b13"/>
    <property name="user.name" value="matheus"/>
    <property name="path.separator" value=":"/>
    <property name="os.version" value="4.15.0-42-generic"/>
    <property name="java.endorsed.dirs" value="/usr/lib/jvm/java-8-oracle/jre/lib/endorsed"/>
    <property name="java.runtime.name" value="Java(TM) SE Runtime Environment"/>
    <property name="file.encoding" value="UTF-8"/>
    <property name="java.vm.name" value="Java HotSpot(TM) 64-Bit Server VM"/>
    <property name="localRepository" value="/home/matheus/.m2/repository"/>
    <property name="java.vendor.url.bug" value="http://bugreport.sun.com/bugreport/"/>
    <property name="java.io.tmpdir" value="/tmp"/>
    <property name="java.version" value="1.8.0_181"/>
    <property name="user.dir" value="/home/matheus/attornatus/elasticsearch-plugin-fonetica-portugues"/>
    <property name="os.arch" value="amd64"/>
    <property name="java.vm.specification.name" value="Java Virtual Machine Specification"/>
    <property name="java.awt.printerjob" value="sun.print.PSPrinterJob"/>
    <property name="sun.os.patch.level" value="unknown"/>
    <property name="java.library.path" value="/usr/java/packages/lib/amd64:/usr/lib64:/lib64:/lib:/usr/lib"/>
    <property name="java.vm.info" value="mixed mode"/>
    <property name="java.vendor" value="Oracle Corporation"/>
    <property name="java.vm.version" value="25.181-b13"/>
    <property name="java.ext.dirs" value="/usr/lib/jvm/java-8-oracle/jre/lib/ext:/usr/java/packages/lib/ext"/>
    <property name="sun.io.unicode.encoding" value="UnicodeLittle"/>
    <property name="java.class.version" value="52.0"/>
  </properties>
  <testcase name="testAMbeforeVocal" classname="com.attornatus.es.FoneticaPortuguesaTests" time="0.01"/>
  <testcase name="testAOeAMemAN" classname="com.attornatus.es.FoneticaPortuguesaTests" time="0"/>
  <testcase name="testCeCCemK" classname="com.attornatus.es.FoneticaPortuguesaTests" time="0"/>
  <testcase name="testCemSifCBeforeEI" classname="com.attornatus.es.FoneticaPortuguesaTests" time="0"/>
  <testcase name="testConsonantClusterOfHLetter" classname="com.attornatus.es.FoneticaPortuguesaTests" time="0"/>
  <testcase name="testEAemEIA" classname="com.attornatus.es.FoneticaPortuguesaTests" time="0.001"/>
  <testcase name="testGSound" classname="com.attornatus.es.FoneticaPortuguesaTests" time="0.001"/>
  <testcase name="testGbeforeEandI" classname="com.attornatus.es.FoneticaPortuguesaTests" time="0"/>
  <testcase name="testHMute" classname="com.attornatus.es.FoneticaPortuguesaTests" time="0"/>
  <testcase name="testLAsConsonant" classname="com.attornatus.es.FoneticaPortuguesaTests" time="0.001"/>
  <testcase name="testLWithSoundOfU" classname="com.attornatus.es.FoneticaPortuguesaTests" time="0"/>
  <testcase name="testOEeOISemOIN" classname="com.attornatus.es.FoneticaPortuguesaTests" time="0"/>
  <testcase name="testQUBeforeAandO" classname="com.attornatus.es.FoneticaPortuguesaTests" time="0.001"/>
  <testcase name="testQUBeforeEandI" classname="com.attornatus.es.FoneticaPortuguesaTests" time="0"/>
  <testcase name="testQUBeforeU" classname="com.attornatus.es.FoneticaPortuguesaTests" time="0"/>
  <testcase name="testRRemR" classname="com.attornatus.es.FoneticaPortuguesaTests" time="0"/>
  <testcase name="testSSeCemS" classname="com.attornatus.es.FoneticaPortuguesaTests" time="0"/>
  <testcase name="testSWithSoundOFZ" classname="com.attornatus.es.FoneticaPortuguesaTests" time="0"/>
  <testcase name="testTTemT" classname="com.attornatus.es.FoneticaPortuguesaTests" time="0"/>
</testsuite>