<?xml version="1.0" encoding="UTF-8"?>
<!-- Generated by org.testng.reporters.JUnitReportReporter -->
<testsuite hostname="matheus-System-Product-Name" name="com.attornatus.es.FoneticaPortuguesaTests" tests="19" failures="0" timestamp="5 Dec 2018 13:49:27 GMT" time="0,008" errors="0">
  <testcase name="testOEeOISemOIN" time="0,000" classname="com.attornatus.es.FoneticaPortuguesaTests"/>
  <testcase name="testAMbeforeVocal" time="0,006" classname="com.attornatus.es.FoneticaPortuguesaTests"/>
  <testcase name="testSSeCemS" time="0,000" classname="com.attornatus.es.FoneticaPortuguesaTests"/>
  <testcase name="testConsonantClusterOfHLetter" time="0,000" classname="com.attornatus.es.FoneticaPortuguesaTests"/>
  <testcase name="testEAemEIA" time="0,000" classname="com.attornatus.es.FoneticaPortuguesaTests"/>
  <testcase name="testCemSifCBeforeEI" time="0,000" classname="com.attornatus.es.FoneticaPortuguesaTests"/>
  <testcase name="testTTemT" time="0,000" classname="com.attornatus.es.FoneticaPortuguesaTests"/>
  <testcase name="testLWithSoundOfU" time="0,000" classname="com.attornatus.es.FoneticaPortuguesaTests"/>
  <testcase name="testGbeforeEandI" time="0,000" classname="com.attornatus.es.FoneticaPortuguesaTests"/>
  <testcase name="testCeCCemK" time="0,001" classname="com.attornatus.es.FoneticaPortuguesaTests"/>
  <testcase name="testQUBeforeEandI" time="0,000" classname="com.attornatus.es.FoneticaPortuguesaTests"/>
  <testcase name="testQUBeforeU" time="0,000" classname="com.attornatus.es.FoneticaPortuguesaTests"/>
  <testcase name="testSWithSoundOFZ" time="0,001" classname="com.attornatus.es.FoneticaPortuguesaTests"/>
  <testcase name="testGSound" time="0,000" classname="com.attornatus.es.FoneticaPortuguesaTests"/>
  <testcase name="testLAsConsonant" time="0,000" classname="com.attornatus.es.FoneticaPortuguesaTests"/>
  <testcase name="testRRemR" time="0,000" classname="com.attornatus.es.FoneticaPortuguesaTests"/>
  <testcase name="testQUBeforeAandO" time="0,000" classname="com.attornatus.es.FoneticaPortuguesaTests"/>
  <testcase name="testHMute" time="0,000" classname="com.attornatus.es.FoneticaPortuguesaTests"/>
  <testcase name="testAOeAMemAN" time="0,000" classname="com.attornatus.es.FoneticaPortuguesaTests"/>
</testsuite>
